[1583884800] LOG ROTATION: DAILY
[1583884800] LOG VERSION: 2.0
[1583884800] CURRENT HOST STATE: localhost;UP;HARD;1;PING OK - Packet loss = 0%, RTA = 0.06 ms
[1583884800] CURRENT SERVICE STATE: localhost;Current Load;OK;HARD;1;OK - load average: 0.54, 0.76, 0.57
[1583884800] CURRENT SERVICE STATE: localhost;Current Users;OK;HARD;1;USERS OK - 0 users currently logged in
[1583884800] CURRENT SERVICE STATE: localhost;HTTP;WARNING;HARD;4;HTTP WARNING: HTTP/1.1 401 Unauthorized - 695 bytes in 0.058 second response time
[1583884800] CURRENT SERVICE STATE: localhost;PING;OK;HARD;1;PING OK - Packet loss = 0%, RTA = 0.05 ms
[1583884800] CURRENT SERVICE STATE: localhost;Root Partition;OK;HARD;1;DISK OK - free space: / 48937 MB (81.51% inode=89%):
[1583884800] CURRENT SERVICE STATE: localhost;Swap Usage;OK;HARD;1;SWAP OK - 14% free (127 MB out of 979 MB)
[1583884800] CURRENT SERVICE STATE: localhost;Total Processes;OK;HARD;1;PROCS OK: 21 processes with STATE = RSZDT
[1583886621] Auto-save of retention data completed successfully.
[1583898284] Warning: A system time change of 11238 seconds (0d 3h 7m 18s forwards in time) has been detected.  Compensating...
[1583901459] Auto-save of retention data completed successfully.
[1583905059] Auto-save of retention data completed successfully.
[1583908659] Auto-save of retention data completed successfully.
[1583912259] Auto-save of retention data completed successfully.
[1583915859] Auto-save of retention data completed successfully.
[1583919459] Auto-save of retention data completed successfully.
[1583923059] Auto-save of retention data completed successfully.
[1583926659] Auto-save of retention data completed successfully.
[1583933632] Warning: A system time change of 6381 seconds (0d 1h 46m 21s forwards in time) has been detected.  Compensating...
[1583984733] Warning: A system time change of 50337 seconds (0d 13h 58m 57s forwards in time) has been detected.  Compensating...
[1583986977] Auto-save of retention data completed successfully.
[1583990577] Auto-save of retention data completed successfully.
[1583994177] Auto-save of retention data completed successfully.
[1583997777] Auto-save of retention data completed successfully.
[1584001376] Auto-save of retention data completed successfully.
[1584004977] Auto-save of retention data completed successfully.
[1584008577] Auto-save of retention data completed successfully.
[1584012177] Auto-save of retention data completed successfully.
